  Main.cpp
C:\Users\Tuan Dat Nguyen\source\repos\NTree Traversal\NTree Traversal\List.h(156,20): warning C4018: '<': signed/unsigned mismatch
C:\Users\Tuan Dat Nguyen\source\repos\NTree Traversal\NTree Traversal\List.h(155): message : while compiling class template member function 'const T &List<T>::operator [](size_t) const'
          with
          [
              T=const NTree<std::string,3> *
          ]
C:\Users\Tuan Dat Nguyen\source\repos\NTree Traversal\NTree Traversal\Queue.h(44): message : see reference to function template instantiation 'const T &List<T>::operator [](size_t) const' being compiled
          with
          [
              T=const NTree<std::string,3> *
          ]
C:\Users\Tuan Dat Nguyen\source\repos\NTree Traversal\NTree Traversal\Queue.h(12): message : see reference to class template instantiation 'List<T>' being compiled
          with
          [
              T=const NTree<std::string,3> *
          ]
C:\Users\Tuan Dat Nguyen\source\repos\NTree Traversal\NTree Traversal\NTree.h(202): message : see reference to class template instantiation 'Queue<const NTree<std::string,3> *>' being compiled
C:\Users\Tuan Dat Nguyen\source\repos\NTree Traversal\NTree Traversal\NTree.h(201): message : while compiling class template member function 'void NTree<std::string,3>::traverseBreadthFirst(const TreeVisitor<T> &) const'
          with
          [
              T=std::string
          ]
C:\Users\Tuan Dat Nguyen\source\repos\NTree Traversal\NTree Traversal\Main.cpp(118): message : see reference to function template instantiation 'void NTree<std::string,3>::traverseBreadthFirst(const TreeVisitor<T> &) const' being compiled
          with
          [
              T=std::string
          ]
C:\Users\Tuan Dat Nguyen\source\repos\NTree Traversal\NTree Traversal\Main.cpp(106): message : see reference to class template instantiation 'NTree<std::string,3>' being compiled
  NTree Traversal.vcxproj -> C:\Users\Tuan Dat Nguyen\source\repos\NTree Traversal\Debug\NTree Traversal.exe
